0 verbose cli /usr/local/bin/node /usr/local/bin/npm
1 info using npm@10.9.4
2 info using node@v22.21.0
3 silly config load:file:/usr/local/lib/node_modules/npm/npmrc
4 silly config load:file:/Users/nickfries/Documents/Code/lena/.npmrc
5 silly config load:file:/Users/nickfries/.npmrc
6 silly config load:file:/usr/local/etc/npmrc
7 verbose title npm install music-metadata
8 verbose argv "install" "music-metadata" "--cache" "/Users/nickfries/Documents/Code/lena/.npm-cache"
9 verbose logfile logs-max:10 dir:/Users/nickfries/Documents/Code/lena/.npm-cache/_logs/2025-11-22T03_42_55_223Z-
10 verbose logfile /Users/nickfries/Documents/Code/lena/.npm-cache/_logs/2025-11-22T03_42_55_223Z-debug-0.log
11 silly logfile done cleaning log files
12 silly packumentCache heap:4345298944 maxSize:1086324736 maxEntrySize:543162368
13 silly idealTree buildDeps
14 silly fetch manifest music-metadata@*
15 silly packumentCache full:https://registry.npmjs.org/music-metadata cache-miss
16 http fetch GET 200 https://registry.npmjs.org/music-metadata 146ms (cache miss)
17 silly packumentCache full:https://registry.npmjs.org/music-metadata set size:undefined disposed:false
18 silly placeDep ROOT music-metadata@11.10.2 OK for: lena@0.1.0 want: *
19 silly fetch manifest @borewit/text-codec@^0.2.0
20 silly packumentCache full:https://registry.npmjs.org/@borewit%2ftext-codec cache-miss
21 silly fetch manifest @tokenizer/token@^0.3.0
22 silly packumentCache full:https://registry.npmjs.org/@tokenizer%2ftoken cache-miss
23 silly fetch manifest content-type@^1.0.5
24 silly packumentCache full:https://registry.npmjs.org/content-type cache-miss
25 silly fetch manifest file-type@^21.1.1
26 silly packumentCache full:https://registry.npmjs.org/file-type cache-miss
27 silly fetch manifest media-typer@^1.1.0
28 silly packumentCache full:https://registry.npmjs.org/media-typer cache-miss
29 silly fetch manifest strtok3@^10.3.4
30 silly packumentCache full:https://registry.npmjs.org/strtok3 cache-miss
31 silly fetch manifest token-types@^6.1.1
32 silly packumentCache full:https://registry.npmjs.org/token-types cache-miss
33 http fetch GET 200 https://registry.npmjs.org/npm 278ms
34 http fetch GET 200 https://registry.npmjs.org/media-typer 96ms (cache miss)
35 silly packumentCache full:https://registry.npmjs.org/media-typer set size:undefined disposed:false
36 silly fetch manifest uint8array-extras@^1.5.0
37 silly packumentCache full:https://registry.npmjs.org/uint8array-extras cache-miss
38 http fetch GET 200 https://registry.npmjs.org/content-type 99ms (cache miss)
39 silly packumentCache full:https://registry.npmjs.org/content-type set size:undefined disposed:false
40 http fetch GET 200 https://registry.npmjs.org/file-type 103ms (cache miss)
41 silly packumentCache full:https://registry.npmjs.org/file-type set size:undefined disposed:false
42 http fetch GET 200 https://registry.npmjs.org/strtok3 137ms (cache miss)
43 silly packumentCache full:https://registry.npmjs.org/strtok3 set size:undefined disposed:false
44 http fetch GET 200 https://registry.npmjs.org/token-types 139ms (cache miss)
45 silly packumentCache full:https://registry.npmjs.org/token-types set size:undefined disposed:false
46 http fetch GET 200 https://registry.npmjs.org/@borewit%2ftext-codec 142ms (cache miss)
47 silly packumentCache full:https://registry.npmjs.org/@borewit%2ftext-codec set size:undefined disposed:false
48 http fetch GET 200 https://registry.npmjs.org/@tokenizer%2ftoken 151ms (cache miss)
49 silly packumentCache full:https://registry.npmjs.org/@tokenizer%2ftoken set size:undefined disposed:false
50 http fetch GET 200 https://registry.npmjs.org/uint8array-extras 63ms (cache miss)
51 silly packumentCache full:https://registry.npmjs.org/uint8array-extras set size:undefined disposed:false
52 silly placeDep ROOT @borewit/text-codec@0.2.0 OK for: music-metadata@11.10.2 want: ^0.2.0
53 silly placeDep ROOT @tokenizer/token@0.3.0 OK for: music-metadata@11.10.2 want: ^0.3.0
54 silly placeDep ROOT content-type@1.0.5 OK for: music-metadata@11.10.2 want: ^1.0.5
55 silly placeDep ROOT file-type@21.1.1 OK for: music-metadata@11.10.2 want: ^21.1.1
56 silly placeDep ROOT media-typer@1.1.0 OK for: music-metadata@11.10.2 want: ^1.1.0
57 silly placeDep ROOT strtok3@10.3.4 OK for: music-metadata@11.10.2 want: ^10.3.4
58 silly placeDep ROOT token-types@6.1.1 OK for: music-metadata@11.10.2 want: ^6.1.1
59 silly placeDep ROOT uint8array-extras@1.5.0 OK for: music-metadata@11.10.2 want: ^1.5.0
60 silly fetch manifest @tokenizer/inflate@^0.4.1
61 silly packumentCache full:https://registry.npmjs.org/@tokenizer%2finflate cache-miss
62 silly fetch manifest uint8array-extras@^1.4.0
63 silly packumentCache full:https://registry.npmjs.org/uint8array-extras cache-miss
64 silly fetch manifest @borewit/text-codec@^0.1.0
65 silly packumentCache full:https://registry.npmjs.org/@borewit%2ftext-codec cache-miss
66 silly fetch manifest ieee754@^1.2.1
67 silly packumentCache full:https://registry.npmjs.org/ieee754 cache-miss
68 http cache https://registry.npmjs.org/uint8array-extras 6ms (cache hit)
69 silly packumentCache full:https://registry.npmjs.org/uint8array-extras set size:36606 disposed:false
70 http cache https://registry.npmjs.org/@borewit%2ftext-codec 7ms (cache hit)
71 silly packumentCache full:https://registry.npmjs.org/@borewit%2ftext-codec set size:11680 disposed:false
72 http fetch GET 200 https://registry.npmjs.org/ieee754 61ms (cache miss)
73 silly packumentCache full:https://registry.npmjs.org/ieee754 set size:undefined disposed:false
74 http fetch GET 200 https://registry.npmjs.org/@tokenizer%2finflate 171ms (cache miss)
75 silly packumentCache full:https://registry.npmjs.org/@tokenizer%2finflate set size:undefined disposed:false
76 silly placeDep ROOT @tokenizer/inflate@0.4.1 OK for: file-type@21.1.1 want: ^0.4.1
77 silly placeDep node_modules/token-types @borewit/text-codec@0.1.1 OK for: token-types@6.1.1 want: ^0.1.0
78 silly placeDep ROOT ieee754@1.2.1 OK for: token-types@6.1.1 want: ^1.2.1
79 silly reify moves {}
80 verbose reify failed optional dependency /Users/nickfries/Documents/Code/lena/node_modules/@tailwindcss/oxide-wasm32-wasi
81 silly reify mark deleted [
81 silly reify   '/Users/nickfries/Documents/Code/lena/node_modules/@tailwindcss/oxide-wasm32-wasi'
81 silly reify ]
82 silly audit bulk request {
82 silly audit   '@alloc/quick-lru': [ '5.2.0' ],
82 silly audit   '@babel/code-frame': [ '7.27.1' ],
82 silly audit   '@babel/compat-data': [ '7.28.5' ],
82 silly audit   '@babel/core': [ '7.28.5' ],
82 silly audit   '@babel/generator': [ '7.28.5' ],
82 silly audit   '@babel/helper-compilation-targets': [ '7.27.2' ],
82 silly audit   '@babel/helper-globals': [ '7.28.0' ],
82 silly audit   '@babel/helper-module-imports': [ '7.27.1' ],
82 silly audit   '@babel/helper-module-transforms': [ '7.28.3' ],
82 silly audit   '@babel/helper-string-parser': [ '7.27.1' ],
82 silly audit   '@babel/helper-validator-identifier': [ '7.28.5' ],
82 silly audit   '@babel/helper-validator-option': [ '7.27.1' ],
82 silly audit   '@babel/helpers': [ '7.28.4' ],
82 silly audit   '@babel/parser': [ '7.28.5' ],
82 silly audit   '@babel/runtime': [ '7.28.4' ],
82 silly audit   '@babel/template': [ '7.27.2' ],
82 silly audit   '@babel/traverse': [ '7.28.5' ],
82 silly audit   '@babel/types': [ '7.28.5' ],
82 silly audit   '@emnapi/core': [ '1.7.0' ],
82 silly audit   '@emnapi/runtime': [ '1.7.0' ],
82 silly audit   '@emnapi/wasi-threads': [ '1.1.0' ],
82 silly audit   '@emotion/babel-plugin': [ '11.13.5' ],
82 silly audit   'convert-source-map': [ '1.9.0', '2.0.0' ],
82 silly audit   '@emotion/cache': [ '11.14.0' ],
82 silly audit   '@emotion/hash': [ '0.9.2' ],
82 silly audit   '@emotion/is-prop-valid': [ '1.4.0' ],
82 silly audit   '@emotion/memoize': [ '0.9.0' ],
82 silly audit   '@emotion/react': [ '11.14.0' ],
82 silly audit   '@emotion/serialize': [ '1.3.3' ],
82 silly audit   '@emotion/sheet': [ '1.4.0' ],
82 silly audit   '@emotion/styled': [ '11.14.1' ],
82 silly audit   '@emotion/unitless': [ '0.10.0' ],
82 silly audit   '@emotion/use-insertion-effect-with-fallbacks': [ '1.2.0' ],
82 silly audit   '@emotion/utils': [ '1.4.2' ],
82 silly audit   '@emotion/weak-memoize': [ '0.4.0' ],
82 silly audit   '@eslint-community/eslint-utils': [ '4.9.0' ],
82 silly audit   'eslint-visitor-keys': [ '3.4.3', '4.2.1' ],
82 silly audit   '@eslint-community/regexpp': [ '4.12.2' ],
82 silly audit   '@eslint/config-array': [ '0.21.1' ],
82 silly audit   '@eslint/config-helpers': [ '0.4.2' ],
82 silly audit   '@eslint/core': [ '0.17.0' ],
82 silly audit   '@eslint/eslintrc': [ '3.3.1' ],
82 silly audit   '@eslint/js': [ '9.39.1' ],
82 silly audit   '@eslint/object-schema': [ '2.1.7' ],
82 silly audit   '@eslint/plugin-kit': [ '0.4.1' ],
82 silly audit   '@humanfs/core': [ '0.19.1' ],
82 silly audit   '@humanfs/node': [ '0.16.7' ],
82 silly audit   '@humanwhocodes/module-importer': [ '1.0.1' ],
82 silly audit   '@humanwhocodes/retry': [ '0.4.3' ],
82 silly audit   '@img/colour': [ '1.0.0' ],
82 silly audit   '@img/sharp-darwin-arm64': [ '0.34.5' ],
82 silly audit   '@img/sharp-darwin-x64': [ '0.34.5' ],
82 silly audit   '@img/sharp-libvips-darwin-arm64': [ '1.2.4' ],
82 silly audit   '@img/sharp-libvips-darwin-x64': [ '1.2.4' ],
82 silly audit   '@img/sharp-libvips-linux-arm': [ '1.2.4' ],
82 silly audit   '@img/sharp-libvips-linux-arm64': [ '1.2.4' ],
82 silly audit   '@img/sharp-libvips-linux-ppc64': [ '1.2.4' ],
82 silly audit   '@img/sharp-libvips-linux-riscv64': [ '1.2.4' ],
82 silly audit   '@img/sharp-libvips-linux-s390x': [ '1.2.4' ],
82 silly audit   '@img/sharp-libvips-linux-x64': [ '1.2.4' ],
82 silly audit   '@img/sharp-libvips-linuxmusl-arm64': [ '1.2.4' ],
82 silly audit   '@img/sharp-libvips-linuxmusl-x64': [ '1.2.4' ],
82 silly audit   '@img/sharp-linux-arm': [ '0.34.5' ],
82 silly audit   '@img/sharp-linux-arm64': [ '0.34.5' ],
82 silly audit   '@img/sharp-linux-ppc64': [ '0.34.5' ],
82 silly audit   '@img/sharp-linux-riscv64': [ '0.34.5' ],
82 silly audit   '@img/sharp-linux-s390x': [ '0.34.5' ],
82 silly audit   '@img/sharp-linux-x64': [ '0.34.5' ],
82 silly audit   '@img/sharp-linuxmusl-arm64': [ '0.34.5' ],
82 silly audit   '@img/sharp-linuxmusl-x64': [ '0.34.5' ],
82 silly audit   '@img/sharp-wasm32': [ '0.34.5' ],
82 silly audit   '@img/sharp-win32-arm64': [ '0.34.5' ],
82 silly audit   '@img/sharp-win32-ia32': [ '0.34.5' ],
82 silly audit   '@img/sharp-win32-x64': [ '0.34.5' ],
82 silly audit   '@jridgewell/gen-mapping': [ '0.3.13' ],
82 silly audit   '@jridgewell/remapping': [ '2.3.5' ],
82 silly audit   '@jridgewell/resolve-uri': [ '3.1.2' ],
82 silly audit   '@jridgewell/sourcemap-codec': [ '1.5.5' ],
82 silly audit   '@jridgewell/trace-mapping': [ '0.3.31' ],
82 silly audit   '@mui/core-downloads-tracker': [ '7.3.5' ],
82 silly audit   '@mui/icons-material': [ '7.3.5' ],
82 silly audit   '@mui/material': [ '7.3.5' ],
82 silly audit   '@mui/material-nextjs': [ '7.3.5' ],
82 silly audit   'react-is': [ '19.2.0', '16.13.1' ],
82 silly audit   '@mui/private-theming': [ '7.3.5' ],
82 silly audit   '@mui/styled-engine': [ '7.3.5' ],
82 silly audit   '@mui/system': [ '7.3.5' ],
82 silly audit   '@mui/types': [ '7.4.8' ],
82 silly audit   '@mui/utils': [ '7.3.5' ],
82 silly audit   '@napi-rs/wasm-runtime': [ '0.2.12' ],
82 silly audit   '@next/env': [ '16.0.1' ],
82 silly audit   '@next/eslint-plugin-next': [ '16.0.1' ],
82 silly audit   '@next/swc-darwin-arm64': [ '16.0.1' ],
82 silly audit   '@next/swc-darwin-x64': [ '16.0.1' ],
82 silly audit   '@next/swc-linux-arm64-gnu': [ '16.0.1' ],
82 silly audit   '@next/swc-linux-arm64-musl': [ '16.0.1' ],
82 silly audit   '@next/swc-linux-x64-gnu': [ '16.0.1' ],
82 silly audit   '@next/swc-linux-x64-musl': [ '16.0.1' ],
82 silly audit   '@next/swc-win32-arm64-msvc': [ '16.0.1' ],
82 silly audit   '@next/swc-win32-x64-msvc': [ '16.0.1' ],
82 silly audit   '@nodelib/fs.scandir': [ '2.1.5' ],
82 silly audit   '@nodelib/fs.stat': [ '2.0.5' ],
82 silly audit   '@nodelib/fs.walk': [ '1.2.8' ],
82 silly audit   '@nolyfill/is-core-module': [ '1.0.39' ],
82 silly audit   '@popperjs/core': [ '2.11.8' ],
82 silly audit   '@rtsao/scc': [ '1.1.0' ],
82 silly audit   '@swc/helpers': [ '0.5.15' ],
82 silly audit   '@tailwindcss/node': [ '4.1.17' ],
82 silly audit   '@tailwindcss/oxide': [ '4.1.17' ],
82 silly audit   '@tailwindcss/oxide-android-arm64': [ '4.1.17' ],
82 silly audit   '@tailwindcss/oxide-darwin-arm64': [ '4.1.17' ],
82 silly audit   '@tailwindcss/oxide-darwin-x64': [ '4.1.17' ],
82 silly audit   '@tailwindcss/oxide-freebsd-x64': [ '4.1.17' ],
82 silly audit   '@tailwindcss/oxide-linux-arm-gnueabihf': [ '4.1.17' ],
82 silly audit   '@tailwindcss/oxide-linux-arm64-gnu': [ '4.1.17' ],
82 silly audit   '@tailwindcss/oxide-linux-arm64-musl': [ '4.1.17' ],
82 silly audit   '@tailwindcss/oxide-linux-x64-gnu': [ '4.1.17' ],
82 silly audit   '@tailwindcss/oxide-linux-x64-musl': [ '4.1.17' ],
82 silly audit   '@tailwindcss/oxide-win32-arm64-msvc': [ '4.1.17' ],
82 silly audit   '@tailwindcss/oxide-win32-x64-msvc': [ '4.1.17' ],
82 silly audit   '@tailwindcss/postcss': [ '4.1.17' ],
82 silly audit   '@tybys/wasm-util': [ '0.10.1' ],
82 silly audit   '@types/estree': [ '1.0.8' ],
82 silly audit   '@types/heic-convert': [ '2.1.0' ],
82 silly audit   '@types/json-schema': [ '7.0.15' ],
82 silly audit   '@types/json5': [ '0.0.29' ],
82 silly audit   '@types/node': [ '20.19.24' ],
82 silly audit   '@types/parse-json': [ '4.0.2' ],
82 silly audit   '@types/prop-types': [ '15.7.15' ],
82 silly audit   '@types/react': [ '19.2.3' ],
82 silly audit   '@types/react-dom': [ '19.2.2' ],
82 silly audit   '@types/react-transition-group': [ '4.4.12' ],
82 silly audit   '@types/uuid': [ '10.0.0' ],
82 silly audit   '@typescript-eslint/eslint-plugin': [ '8.46.4' ],
82 silly audit   ignore: [ '7.0.5', '5.3.2' ],
82 silly audit   '@typescript-eslint/parser': [ '8.46.4' ],
82 silly audit   '@typescript-eslint/project-service': [ '8.46.4' ],
82 silly audit   '@typescript-eslint/scope-manager': [ '8.46.4' ],
82 silly audit   '@typescript-eslint/tsconfig-utils': [ '8.46.4' ],
82 silly audit   '@typescript-eslint/type-utils': [ '8.46.4' ],
82 silly audit   '@typescript-eslint/types': [ '8.46.4' ],
82 silly audit   '@typescript-eslint/typescript-estree': [ '8.46.4' ],
82 silly audit   'brace-expansion': [ '2.0.2', '1.1.12' ],
82 silly audit   'fast-glob': [ '3.3.3', '3.3.1' ],
82 silly audit   'glob-parent': [ '5.1.2', '6.0.2' ],
82 silly audit   minimatch: [ '9.0.5', '3.1.2' ],
82 silly audit   semver: [ '7.7.3', '6.3.1' ],
82 silly audit   '@typescript-eslint/utils': [ '8.46.4' ],
82 silly audit   '@typescript-eslint/visitor-keys': [ '8.46.4' ],
82 silly audit   '@unrs/resolver-binding-android-arm-eabi': [ '1.11.1' ],
82 silly audit   '@unrs/resolver-binding-android-arm64': [ '1.11.1' ],
82 silly audit   '@unrs/resolver-binding-darwin-arm64': [ '1.11.1' ],
82 silly audit   '@unrs/resolver-binding-darwin-x64': [ '1.11.1' ],
82 silly audit   '@unrs/resolver-binding-freebsd-x64': [ '1.11.1' ],
82 silly audit   '@unrs/resolver-binding-linux-arm-gnueabihf': [ '1.11.1' ],
82 silly audit   '@unrs/resolver-binding-linux-arm-musleabihf': [ '1.11.1' ],
82 silly audit   '@unrs/resolver-binding-linux-arm64-gnu': [ '1.11.1' ],
82 silly audit   '@unrs/resolver-binding-linux-arm64-musl': [ '1.11.1' ],
82 silly audit   '@unrs/resolver-binding-linux-ppc64-gnu': [ '1.11.1' ],
82 silly audit   '@unrs/resolver-binding-linux-riscv64-gnu': [ '1.11.1' ],
82 silly audit   '@unrs/resolver-binding-linux-riscv64-musl': [ '1.11.1' ],
82 silly audit   '@unrs/resolver-binding-linux-s390x-gnu': [ '1.11.1' ],
82 silly audit   '@unrs/resolver-binding-linux-x64-gnu': [ '1.11.1' ],
82 silly audit   '@unrs/resolver-binding-linux-x64-musl': [ '1.11.1' ],
82 silly audit   '@unrs/resolver-binding-wasm32-wasi': [ '1.11.1' ],
82 silly audit   '@unrs/resolver-binding-win32-arm64-msvc': [ '1.11.1' ],
82 silly audit   '@unrs/resolver-binding-win32-ia32-msvc': [ '1.11.1' ],
82 silly audit   '@unrs/resolver-binding-win32-x64-msvc': [ '1.11.1' ],
82 silly audit   acorn: [ '8.15.0' ],
82 silly audit   'acorn-jsx': [ '5.3.2' ],
82 silly audit   ajv: [ '6.12.6' ],
82 silly audit   'ansi-styles': [ '4.3.0' ],
82 silly audit   argparse: [ '2.0.1' ],
82 silly audit   'aria-query': [ '5.3.2' ],
82 silly audit   'array-buffer-byte-length': [ '1.0.2' ],
82 silly audit   'array-includes': [ '3.1.9' ],
82 silly audit   'array.prototype.findlast': [ '1.2.5' ],
82 silly audit   'array.prototype.findlastindex': [ '1.2.6' ],
82 silly audit   'array.prototype.flat': [ '1.3.3' ],
82 silly audit   'array.prototype.flatmap': [ '1.3.3' ],
82 silly audit   'array.prototype.tosorted': [ '1.1.4' ],
82 silly audit   'arraybuffer.prototype.slice': [ '1.0.4' ],
82 silly audit   'ast-types-flow': [ '0.0.8' ],
82 silly audit   'async-function': [ '1.0.0' ],
82 silly audit   autoprefixer: [ '10.4.22' ],
82 silly audit   'available-typed-arrays': [ '1.0.7' ],
82 silly audit   'axe-core': [ '4.11.0' ],
82 silly audit   'axobject-query': [ '4.1.0' ],
82 silly audit   'babel-plugin-macros': [ '3.1.0' ],
82 silly audit   'balanced-match': [ '1.0.2' ],
82 silly audit   'baseline-browser-mapping': [ '2.8.26' ],
82 silly audit   braces: [ '3.0.3' ],
82 silly audit   browserslist: [ '4.28.0' ],
82 silly audit   'call-bind': [ '1.0.8' ],
82 silly audit   'call-bind-apply-helpers': [ '1.0.2' ],
82 silly audit   'call-bound': [ '1.0.4' ],
82 silly audit   callsites: [ '3.1.0' ],
82 silly audit   'caniuse-lite': [ '1.0.30001754' ],
82 silly audit   chalk: [ '4.1.2' ],
82 silly audit   'client-only': [ '0.0.1' ],
82 silly audit   clsx: [ '2.1.1' ],
82 silly audit   'color-convert': [ '2.0.1' ],
82 silly audit   'color-name': [ '1.1.4' ],
82 silly audit   'concat-map': [ '0.0.1' ],
82 silly audit   cosmiconfig: [ '7.1.0' ],
82 silly audit   'cross-spawn': [ '7.0.6' ],
82 silly audit   csstype: [ '3.1.3' ],
82 silly audit   'damerau-levenshtein': [ '1.0.8' ],
82 silly audit   'data-view-buffer': [ '1.0.2' ],
82 silly audit   'data-view-byte-length': [ '1.0.2' ],
82 silly audit   'data-view-byte-offset': [ '1.0.1' ],
82 silly audit   debug: [ '4.4.3', '3.2.7' ],
82 silly audit   'deep-is': [ '0.1.4' ],
82 silly audit   'define-data-property': [ '1.1.4' ],
82 silly audit   'define-properties': [ '1.2.1' ],
82 silly audit   'detect-libc': [ '2.1.2' ],
82 silly audit   doctrine: [ '2.1.0' ],
82 silly audit   'dom-helpers': [ '5.2.1' ],
82 silly audit   'dunder-proto': [ '1.0.1' ],
82 silly audit   'electron-to-chromium': [ '1.5.250' ],
82 silly audit   'emoji-regex': [ '9.2.2' ],
82 silly audit   'enhanced-resolve': [ '5.18.3' ],
82 silly audit   'error-ex': [ '1.3.4' ],
82 silly audit   'es-abstract': [ '1.24.0' ],
82 silly audit   'es-define-property': [ '1.0.1' ],
82 silly audit   'es-errors': [ '1.3.0' ],
82 silly audit   'es-iterator-helpers': [ '1.2.1' ],
82 silly audit   'es-object-atoms': [ '1.1.1' ],
82 silly audit   'es-set-tostringtag': [ '2.1.0' ],
82 silly audit   'es-shim-unscopables': [ '1.1.0' ],
82 silly audit   'es-to-primitive': [ '1.3.0' ],
82 silly audit   escalade: [ '3.2.0' ],
82 silly audit   'escape-string-regexp': [ '4.0.0' ],
82 silly audit   eslint: [ '9.39.1' ],
82 silly audit   'eslint-config-next': [ '16.0.1' ],
82 silly audit   globals: [ '16.4.0', '14.0.0' ],
82 silly audit   'eslint-import-resolver-node': [ '0.3.9' ],
82 silly audit   'eslint-import-resolver-typescript': [ '3.10.1' ],
82 silly audit   'eslint-module-utils': [ '2.12.1' ],
82 silly audit   'eslint-plugin-import': [ '2.32.0' ],
82 silly audit   'eslint-plugin-jsx-a11y': [ '6.10.2' ],
82 silly audit   'eslint-plugin-react': [ '7.37.5' ],
82 silly audit   'eslint-plugin-react-hooks': [ '7.0.1' ],
82 silly audit   resolve: [ '2.0.0-next.5', '1.22.11' ],
82 silly audit   'eslint-scope': [ '8.4.0' ],
82 silly audit   espree: [ '10.4.0' ],
82 silly audit   esquery: [ '1.6.0' ],
82 silly audit   esrecurse: [ '4.3.0' ],
82 silly audit   estraverse: [ '5.3.0' ],
82 silly audit   esutils: [ '2.0.3' ],
82 silly audit   exifr: [ '7.1.3' ],
82 silly audit   'fast-deep-equal': [ '3.1.3' ],
82 silly audit   'fast-json-stable-stringify': [ '2.1.0' ],
82 silly audit   'fast-levenshtein': [ '2.0.6' ],
82 silly audit   fastq: [ '1.19.1' ],
82 silly audit   'file-entry-cache': [ '8.0.0' ],
82 silly audit   'fill-range': [ '7.1.1' ],
82 silly audit   'find-root': [ '1.1.0' ],
82 silly audit   'find-up': [ '5.0.0' ],
82 silly audit   'flat-cache': [ '4.0.1' ],
82 silly audit   flatted: [ '3.3.3' ],
82 silly audit   'for-each': [ '0.3.5' ],
82 silly audit   'fraction.js': [ '5.3.4' ],
82 silly audit   'function-bind': [ '1.1.2' ],
82 silly audit   'function.prototype.name': [ '1.1.8' ],
82 silly audit   'functions-have-names': [ '1.2.3' ],
82 silly audit   'generator-function': [ '2.0.1' ],
82 silly audit   gensync: [ '1.0.0-beta.2' ],
82 silly audit   'get-intrinsic': [ '1.3.0' ],
82 silly audit   'get-proto': [ '1.0.1' ],
82 silly audit   'get-symbol-description': [ '1.1.0' ],
82 silly audit   'get-tsconfig': [ '4.13.0' ],
82 silly audit   globalthis: [ '1.0.4' ],
82 silly audit   gopd: [ '1.2.0' ],
82 silly audit   'graceful-fs': [ '4.2.11' ],
82 silly audit   graphemer: [ '1.4.0' ],
82 silly audit   'has-bigints': [ '1.1.0' ],
82 silly audit   'has-flag': [ '4.0.0' ],
82 silly audit   'has-property-descriptors': [ '1.0.2' ],
82 silly audit   'has-proto': [ '1.2.0' ],
82 silly audit   'has-symbols': [ '1.1.0' ],
82 silly audit   'has-tostringtag': [ '1.0.2' ],
82 silly audit   hasown: [ '2.0.2' ],
82 silly audit   'heic-convert': [ '2.1.0' ],
82 silly audit   'heic-decode': [ '2.1.0' ],
82 silly audit   'hermes-estree': [ '0.25.1' ],
82 silly audit   'hermes-parser': [ '0.25.1' ],
82 silly audit   'hoist-non-react-statics': [ '3.3.2' ],
82 silly audit   'import-fresh': [ '3.3.1' ],
82 silly audit   imurmurhash: [ '0.1.4' ],
82 silly audit   'internal-slot': [ '1.1.0' ],
82 silly audit   'is-array-buffer': [ '3.0.5' ],
82 silly audit   'is-arrayish': [ '0.2.1' ],
82 silly audit   'is-async-function': [ '2.1.1' ],
82 silly audit   'is-bigint': [ '1.1.0' ],
82 silly audit   'is-boolean-object': [ '1.2.2' ],
82 silly audit   'is-bun-module': [ '2.0.0' ],
82 silly audit   'is-callable': [ '1.2.7' ],
82 silly audit   'is-core-module': [ '2.16.1' ],
82 silly audit   'is-data-view': [ '1.0.2' ],
82 silly audit   'is-date-object': [ '1.1.0' ],
82 silly audit   'is-extglob': [ '2.1.1' ],
82 silly audit   'is-finalizationregistry': [ '1.1.1' ],
82 silly audit   'is-generator-function': [ '1.1.2' ],
82 silly audit   'is-glob': [ '4.0.3' ],
82 silly audit   'is-map': [ '2.0.3' ],
82 silly audit   'is-negative-zero': [ '2.0.3' ],
82 silly audit   'is-number': [ '7.0.0' ],
82 silly audit   'is-number-object': [ '1.1.1' ],
82 silly audit   'is-regex': [ '1.2.1' ],
82 silly audit   'is-set': [ '2.0.3' ],
82 silly audit   'is-shared-array-buffer': [ '1.0.4' ],
82 silly audit   'is-string': [ '1.1.1' ],
82 silly audit   'is-symbol': [ '1.1.1' ],
82 silly audit   'is-typed-array': [ '1.1.15' ],
82 silly audit   'is-weakmap': [ '2.0.2' ],
82 silly audit   'is-weakref': [ '1.1.1' ],
82 silly audit   'is-weakset': [ '2.0.4' ],
82 silly audit   isarray: [ '2.0.5' ],
82 silly audit   isexe: [ '2.0.0' ],
82 silly audit   'iterator.prototype': [ '1.1.5' ],
82 silly audit   jiti: [ '2.6.1' ],
82 silly audit   'jpeg-js': [ '0.4.4' ],
82 silly audit   'js-tokens': [ '4.0.0' ],
82 silly audit   'js-yaml': [ '4.1.1' ],
82 silly audit   jsesc: [ '3.1.0' ],
82 silly audit   'json-buffer': [ '3.0.1' ],
82 silly audit   'json-parse-even-better-errors': [ '2.3.1' ],
82 silly audit   'json-schema-traverse': [ '0.4.1' ],
82 silly audit   'json-stable-stringify-without-jsonify': [ '1.0.1' ],
82 silly audit   json5: [ '2.2.3', '1.0.2' ],
82 silly audit   'jsx-ast-utils': [ '3.3.5' ],
82 silly audit   keyv: [ '4.5.4' ],
82 silly audit   'language-subtag-registry': [ '0.3.23' ],
82 silly audit   'language-tags': [ '1.0.9' ],
82 silly audit   levn: [ '0.4.1' ],
82 silly audit   'libheif-js': [ '1.19.8' ],
82 silly audit   lightningcss: [ '1.30.2' ],
82 silly audit   'lightningcss-android-arm64': [ '1.30.2' ],
82 silly audit   'lightningcss-darwin-arm64': [ '1.30.2' ],
82 silly audit   'lightningcss-darwin-x64': [ '1.30.2' ],
82 silly audit   'lightningcss-freebsd-x64': [ '1.30.2' ],
82 silly audit   'lightningcss-linux-arm-gnueabihf': [ '1.30.2' ],
82 silly audit   'lightningcss-linux-arm64-gnu': [ '1.30.2' ],
82 silly audit   'lightningcss-linux-arm64-musl': [ '1.30.2' ],
82 silly audit   'lightningcss-linux-x64-gnu': [ '1.30.2' ],
82 silly audit   'lightningcss-linux-x64-musl': [ '1.30.2' ],
82 silly audit   'lightningcss-win32-arm64-msvc': [ '1.30.2' ],
82 silly audit   'lightningcss-win32-x64-msvc': [ '1.30.2' ],
82 silly audit   'lines-and-columns': [ '1.2.4' ],
82 silly audit   'locate-path': [ '6.0.0' ],
82 silly audit   'lodash.merge': [ '4.6.2' ],
82 silly audit   'loose-envify': [ '1.4.0' ],
82 silly audit   'lru-cache': [ '5.1.1' ],
82 silly audit   'magic-string': [ '0.30.21' ],
82 silly audit   'math-intrinsics': [ '1.1.0' ],
82 silly audit   merge2: [ '1.4.1' ],
82 silly audit   micromatch: [ '4.0.8' ],
82 silly audit   minimist: [ '1.2.8' ],
82 silly audit   ms: [ '2.1.3' ],
82 silly audit   nanoid: [ '3.3.11' ],
82 silly audit   'napi-postinstall': [ '0.3.4' ],
82 silly audit   'natural-compare': [ '1.4.0' ],
82 silly audit   next: [ '16.0.1' ],
82 silly audit   postcss: [ '8.4.31', '8.5.6' ],
82 silly audit   'node-releases': [ '2.0.27' ],
82 silly audit   'normalize-range': [ '0.1.2' ],
82 silly audit   'object-assign': [ '4.1.1' ],
82 silly audit   'object-inspect': [ '1.13.4' ],
82 silly audit   'object-keys': [ '1.1.1' ],
82 silly audit   'object.assign': [ '4.1.7' ],
82 silly audit   'object.entries': [ '1.1.9' ],
82 silly audit   'object.fromentries': [ '2.0.8' ],
82 silly audit   'object.groupby': [ '1.0.3' ],
82 silly audit   'object.values': [ '1.2.1' ],
82 silly audit   optionator: [ '0.9.4' ],
82 silly audit   'own-keys': [ '1.0.1' ],
82 silly audit   'p-limit': [ '3.1.0' ],
82 silly audit   'p-locate': [ '5.0.0' ],
82 silly audit   'parent-module': [ '1.0.1' ],
82 silly audit   'parse-json': [ '5.2.0' ],
82 silly audit   'path-exists': [ '4.0.0' ],
82 silly audit   'path-key': [ '3.1.1' ],
82 silly audit   'path-parse': [ '1.0.7' ],
82 silly audit   'path-type': [ '4.0.0' ],
82 silly audit   picocolors: [ '1.1.1' ],
82 silly audit   picomatch: [ '2.3.1', '4.0.3' ],
82 silly audit   pngjs: [ '6.0.0' ],
82 silly audit   'possible-typed-array-names': [ '1.1.0' ],
82 silly audit   'postcss-value-parser': [ '4.2.0' ],
82 silly audit   'prelude-ls': [ '1.2.1' ],
82 silly audit   'prop-types': [ '15.8.1' ],
82 silly audit   punycode: [ '2.3.1' ],
82 silly audit   'queue-microtask': [ '1.2.3' ],
82 silly audit   react: [ '19.2.0' ],
82 silly audit   'react-dom': [ '19.2.0' ],
82 silly audit   'react-transition-group': [ '4.4.5' ],
82 silly audit   'reflect.getprototypeof': [ '1.0.10' ],
82 silly audit   'regexp.prototype.flags': [ '1.5.4' ],
82 silly audit   'resolve-from': [ '4.0.0' ],
82 silly audit   'resolve-pkg-maps': [ '1.0.0' ],
82 silly audit   reusify: [ '1.1.0' ],
82 silly audit   'run-parallel': [ '1.2.0' ],
82 silly audit   'safe-array-concat': [ '1.1.3' ],
82 silly audit   'safe-push-apply': [ '1.0.0' ],
82 silly audit   'safe-regex-test': [ '1.1.0' ],
82 silly audit   scheduler: [ '0.27.0' ],
82 silly audit   'set-function-length': [ '1.2.2' ],
82 silly audit   'set-function-name': [ '2.0.2' ],
82 silly audit   'set-proto': [ '1.0.0' ],
82 silly audit   sharp: [ '0.34.5' ],
82 silly audit   'shebang-command': [ '2.0.0' ],
82 silly audit   'shebang-regex': [ '3.0.0' ],
82 silly audit   'side-channel': [ '1.1.0' ],
82 silly audit   'side-channel-list': [ '1.0.0' ],
82 silly audit   'side-channel-map': [ '1.0.1' ],
82 silly audit   'side-channel-weakmap': [ '1.0.2' ],
82 silly audit   'source-map': [ '0.5.7' ],
82 silly audit   'source-map-js': [ '1.2.1' ],
82 silly audit   'stable-hash': [ '0.0.5' ],
82 silly audit   'stop-iteration-iterator': [ '1.1.0' ],
82 silly audit   'string.prototype.includes': [ '2.0.1' ],
82 silly audit   'string.prototype.matchall': [ '4.0.12' ],
82 silly audit   'string.prototype.repeat': [ '1.0.0' ],
82 silly audit   'string.prototype.trim': [ '1.2.10' ],
82 silly audit   'string.prototype.trimend': [ '1.0.9' ],
82 silly audit   'string.prototype.trimstart': [ '1.0.8' ],
82 silly audit   'strip-bom': [ '3.0.0' ],
82 silly audit   'strip-json-comments': [ '3.1.1' ],
82 silly audit   'styled-jsx': [ '5.1.6' ],
82 silly audit   stylis: [ '4.2.0' ],
82 silly audit   'supports-color': [ '7.2.0' ],
82 silly audit   'supports-preserve-symlinks-flag': [ '1.0.0' ],
82 silly audit   tailwindcss: [ '4.1.17' ],
82 silly audit   tapable: [ '2.3.0' ],
82 silly audit   tinyglobby: [ '0.2.15' ],
82 silly audit   fdir: [ '6.5.0' ],
82 silly audit   'to-regex-range': [ '5.0.1' ],
82 silly audit   'ts-api-utils': [ '2.1.0' ],
82 silly audit   'tsconfig-paths': [ '3.15.0' ],
82 silly audit   tslib: [ '2.8.1' ],
82 silly audit   'type-check': [ '0.4.0' ],
82 silly audit   'typed-array-buffer': [ '1.0.3' ],
82 silly audit   'typed-array-byte-length': [ '1.0.3' ],
82 silly audit   'typed-array-byte-offset': [ '1.0.4' ],
82 silly audit   'typed-array-length': [ '1.0.7' ],
82 silly audit   typescript: [ '5.9.3' ],
82 silly audit   'typescript-eslint': [ '8.46.4' ],
82 silly audit   'unbox-primitive': [ '1.1.0' ],
82 silly audit   'undici-types': [ '6.21.0' ],
82 silly audit   'unrs-resolver': [ '1.11.1' ],
82 silly audit   'update-browserslist-db': [ '1.1.4' ],
82 silly audit   'uri-js': [ '4.4.1' ],
82 silly audit   uuid: [ '13.0.0' ],
82 silly audit   which: [ '2.0.2' ],
82 silly audit   'which-boxed-primitive': [ '1.1.1' ],
82 silly audit   'which-builtin-type': [ '1.2.1' ],
82 silly audit   'which-collection': [ '1.0.2' ],
82 silly audit   'which-typed-array': [ '1.1.19' ],
82 silly audit   'word-wrap': [ '1.2.5' ],
82 silly audit   yallist: [ '3.1.1' ],
82 silly audit   yaml: [ '1.10.2' ],
82 silly audit   'yocto-queue': [ '0.1.0' ],
82 silly audit   zod: [ '4.1.12' ],
82 silly audit   'zod-validation-error': [ '4.0.2' ],
82 silly audit   'music-metadata': [ '11.10.2' ],
82 silly audit   '@borewit/text-codec': [ '0.2.0', '0.1.1' ],
82 silly audit   '@tokenizer/token': [ '0.3.0' ],
82 silly audit   'content-type': [ '1.0.5' ],
82 silly audit   'file-type': [ '21.1.1' ],
82 silly audit   'media-typer': [ '1.1.0' ],
82 silly audit   strtok3: [ '10.3.4' ],
82 silly audit   'token-types': [ '6.1.1' ],
82 silly audit   'uint8array-extras': [ '1.5.0' ],
82 silly audit   '@tokenizer/inflate': [ '0.4.1' ],
82 silly audit   ieee754: [ '1.2.1' ],
82 silly audit   '@tailwindcss/oxide-wasm32-wasi': [ '4.1.17' ]
82 silly audit }
83 verbose reify failed optional dependency /Users/nickfries/Documents/Code/lena/node_modules/lightningcss-win32-x64-msvc
84 silly reify mark deleted [
84 silly reify   '/Users/nickfries/Documents/Code/lena/node_modules/lightningcss-win32-x64-msvc'
84 silly reify ]
85 verbose reify failed optional dependency /Users/nickfries/Documents/Code/lena/node_modules/lightningcss-win32-arm64-msvc
86 silly reify mark deleted [
86 silly reify   '/Users/nickfries/Documents/Code/lena/node_modules/lightningcss-win32-arm64-msvc'
86 silly reify ]
87 verbose reify failed optional dependency /Users/nickfries/Documents/Code/lena/node_modules/lightningcss-linux-x64-musl
88 silly reify mark deleted [
88 silly reify   '/Users/nickfries/Documents/Code/lena/node_modules/lightningcss-linux-x64-musl'
88 silly reify ]
89 verbose reify failed optional dependency /Users/nickfries/Documents/Code/lena/node_modules/lightningcss-linux-x64-gnu
90 silly reify mark deleted [
90 silly reify   '/Users/nickfries/Documents/Code/lena/node_modules/lightningcss-linux-x64-gnu'
90 silly reify ]
91 verbose reify failed optional dependency /Users/nickfries/Documents/Code/lena/node_modules/lightningcss-linux-arm64-musl
92 silly reify mark deleted [
92 silly reify   '/Users/nickfries/Documents/Code/lena/node_modules/lightningcss-linux-arm64-musl'
92 silly reify ]
93 verbose reify failed optional dependency /Users/nickfries/Documents/Code/lena/node_modules/lightningcss-linux-arm64-gnu
94 silly reify mark deleted [
94 silly reify   '/Users/nickfries/Documents/Code/lena/node_modules/lightningcss-linux-arm64-gnu'
94 silly reify ]
95 verbose reify failed optional dependency /Users/nickfries/Documents/Code/lena/node_modules/lightningcss-linux-arm-gnueabihf
96 silly reify mark deleted [
96 silly reify   '/Users/nickfries/Documents/Code/lena/node_modules/lightningcss-linux-arm-gnueabihf'
96 silly reify ]
97 verbose reify failed optional dependency /Users/nickfries/Documents/Code/lena/node_modules/lightningcss-freebsd-x64
98 silly reify mark deleted [
98 silly reify   '/Users/nickfries/Documents/Code/lena/node_modules/lightningcss-freebsd-x64'
98 silly reify ]
99 verbose reify failed optional dependency /Users/nickfries/Documents/Code/lena/node_modules/lightningcss-darwin-x64
100 silly reify mark deleted [
100 silly reify   '/Users/nickfries/Documents/Code/lena/node_modules/lightningcss-darwin-x64'
100 silly reify ]
101 verbose reify failed optional dependency /Users/nickfries/Documents/Code/lena/node_modules/lightningcss-android-arm64
102 silly reify mark deleted [
102 silly reify   '/Users/nickfries/Documents/Code/lena/node_modules/lightningcss-android-arm64'
102 silly reify ]
103 verbose reify failed optional dependency /Users/nickfries/Documents/Code/lena/node_modules/@unrs/resolver-binding-win32-x64-msvc
104 silly reify mark deleted [
104 silly reify   '/Users/nickfries/Documents/Code/lena/node_modules/@unrs/resolver-binding-win32-x64-msvc'
104 silly reify ]
105 verbose reify failed optional dependency /Users/nickfries/Documents/Code/lena/node_modules/@unrs/resolver-binding-win32-ia32-msvc
106 silly reify mark deleted [
106 silly reify   '/Users/nickfries/Documents/Code/lena/node_modules/@unrs/resolver-binding-win32-ia32-msvc'
106 silly reify ]
107 verbose reify failed optional dependency /Users/nickfries/Documents/Code/lena/node_modules/@unrs/resolver-binding-win32-arm64-msvc
108 silly reify mark deleted [
108 silly reify   '/Users/nickfries/Documents/Code/lena/node_modules/@unrs/resolver-binding-win32-arm64-msvc'
108 silly reify ]
109 verbose reify failed optional dependency /Users/nickfries/Documents/Code/lena/node_modules/@unrs/resolver-binding-wasm32-wasi
110 silly reify mark deleted [
110 silly reify   '/Users/nickfries/Documents/Code/lena/node_modules/@unrs/resolver-binding-wasm32-wasi'
110 silly reify ]
111 verbose reify failed optional dependency /Users/nickfries/Documents/Code/lena/node_modules/@unrs/resolver-binding-linux-x64-musl
112 silly reify mark deleted [
112 silly reify   '/Users/nickfries/Documents/Code/lena/node_modules/@unrs/resolver-binding-linux-x64-musl'
112 silly reify ]
113 verbose reify failed optional dependency /Users/nickfries/Documents/Code/lena/node_modules/@unrs/resolver-binding-linux-x64-gnu
114 silly reify mark deleted [
114 silly reify   '/Users/nickfries/Documents/Code/lena/node_modules/@unrs/resolver-binding-linux-x64-gnu'
114 silly reify ]
115 verbose reify failed optional dependency /Users/nickfries/Documents/Code/lena/node_modules/@unrs/resolver-binding-linux-s390x-gnu
116 silly reify mark deleted [
116 silly reify   '/Users/nickfries/Documents/Code/lena/node_modules/@unrs/resolver-binding-linux-s390x-gnu'
116 silly reify ]
117 verbose reify failed optional dependency /Users/nickfries/Documents/Code/lena/node_modules/@unrs/resolver-binding-linux-riscv64-musl
118 silly reify mark deleted [
118 silly reify   '/Users/nickfries/Documents/Code/lena/node_modules/@unrs/resolver-binding-linux-riscv64-musl'
118 silly reify ]
119 verbose reify failed optional dependency /Users/nickfries/Documents/Code/lena/node_modules/@unrs/resolver-binding-linux-riscv64-gnu
120 silly reify mark deleted [
120 silly reify   '/Users/nickfries/Documents/Code/lena/node_modules/@unrs/resolver-binding-linux-riscv64-gnu'
120 silly reify ]
121 verbose reify failed optional dependency /Users/nickfries/Documents/Code/lena/node_modules/@unrs/resolver-binding-linux-ppc64-gnu
122 silly reify mark deleted [
122 silly reify   '/Users/nickfries/Documents/Code/lena/node_modules/@unrs/resolver-binding-linux-ppc64-gnu'
122 silly reify ]
123 verbose reify failed optional dependency /Users/nickfries/Documents/Code/lena/node_modules/@unrs/resolver-binding-linux-arm64-musl
124 silly reify mark deleted [
124 silly reify   '/Users/nickfries/Documents/Code/lena/node_modules/@unrs/resolver-binding-linux-arm64-musl'
124 silly reify ]
125 verbose reify failed optional dependency /Users/nickfries/Documents/Code/lena/node_modules/@unrs/resolver-binding-linux-arm64-gnu
126 silly reify mark deleted [
126 silly reify   '/Users/nickfries/Documents/Code/lena/node_modules/@unrs/resolver-binding-linux-arm64-gnu'
126 silly reify ]
127 verbose reify failed optional dependency /Users/nickfries/Documents/Code/lena/node_modules/@unrs/resolver-binding-linux-arm-musleabihf
128 silly reify mark deleted [
128 silly reify   '/Users/nickfries/Documents/Code/lena/node_modules/@unrs/resolver-binding-linux-arm-musleabihf'
128 silly reify ]
129 verbose reify failed optional dependency /Users/nickfries/Documents/Code/lena/node_modules/@unrs/resolver-binding-linux-arm-gnueabihf
130 silly reify mark deleted [
130 silly reify   '/Users/nickfries/Documents/Code/lena/node_modules/@unrs/resolver-binding-linux-arm-gnueabihf'
130 silly reify ]
131 verbose reify failed optional dependency /Users/nickfries/Documents/Code/lena/node_modules/@unrs/resolver-binding-freebsd-x64
132 silly reify mark deleted [
132 silly reify   '/Users/nickfries/Documents/Code/lena/node_modules/@unrs/resolver-binding-freebsd-x64'
132 silly reify ]
133 verbose reify failed optional dependency /Users/nickfries/Documents/Code/lena/node_modules/@unrs/resolver-binding-darwin-x64
134 silly reify mark deleted [
134 silly reify   '/Users/nickfries/Documents/Code/lena/node_modules/@unrs/resolver-binding-darwin-x64'
134 silly reify ]
135 verbose reify failed optional dependency /Users/nickfries/Documents/Code/lena/node_modules/@unrs/resolver-binding-android-arm64
136 silly reify mark deleted [
136 silly reify   '/Users/nickfries/Documents/Code/lena/node_modules/@unrs/resolver-binding-android-arm64'
136 silly reify ]
137 verbose reify failed optional dependency /Users/nickfries/Documents/Code/lena/node_modules/@unrs/resolver-binding-android-arm-eabi
138 silly reify mark deleted [
138 silly reify   '/Users/nickfries/Documents/Code/lena/node_modules/@unrs/resolver-binding-android-arm-eabi'
138 silly reify ]
139 verbose reify failed optional dependency /Users/nickfries/Documents/Code/lena/node_modules/@tailwindcss/oxide-win32-x64-msvc
140 silly reify mark deleted [
140 silly reify   '/Users/nickfries/Documents/Code/lena/node_modules/@tailwindcss/oxide-win32-x64-msvc'
140 silly reify ]
141 verbose reify failed optional dependency /Users/nickfries/Documents/Code/lena/node_modules/@tailwindcss/oxide-win32-arm64-msvc
142 silly reify mark deleted [
142 silly reify   '/Users/nickfries/Documents/Code/lena/node_modules/@tailwindcss/oxide-win32-arm64-msvc'
142 silly reify ]
143 verbose reify failed optional dependency /Users/nickfries/Documents/Code/lena/node_modules/@tailwindcss/oxide-linux-x64-musl
144 silly reify mark deleted [
144 silly reify   '/Users/nickfries/Documents/Code/lena/node_modules/@tailwindcss/oxide-linux-x64-musl'
144 silly reify ]
145 verbose reify failed optional dependency /Users/nickfries/Documents/Code/lena/node_modules/@tailwindcss/oxide-linux-x64-gnu
146 silly reify mark deleted [
146 silly reify   '/Users/nickfries/Documents/Code/lena/node_modules/@tailwindcss/oxide-linux-x64-gnu'
146 silly reify ]
147 verbose reify failed optional dependency /Users/nickfries/Documents/Code/lena/node_modules/@tailwindcss/oxide-linux-arm64-musl
148 silly reify mark deleted [
148 silly reify   '/Users/nickfries/Documents/Code/lena/node_modules/@tailwindcss/oxide-linux-arm64-musl'
148 silly reify ]
149 verbose reify failed optional dependency /Users/nickfries/Documents/Code/lena/node_modules/@tailwindcss/oxide-linux-arm64-gnu
150 silly reify mark deleted [
150 silly reify   '/Users/nickfries/Documents/Code/lena/node_modules/@tailwindcss/oxide-linux-arm64-gnu'
150 silly reify ]
151 verbose reify failed optional dependency /Users/nickfries/Documents/Code/lena/node_modules/@tailwindcss/oxide-linux-arm-gnueabihf
152 silly reify mark deleted [
152 silly reify   '/Users/nickfries/Documents/Code/lena/node_modules/@tailwindcss/oxide-linux-arm-gnueabihf'
152 silly reify ]
153 verbose reify failed optional dependency /Users/nickfries/Documents/Code/lena/node_modules/@tailwindcss/oxide-freebsd-x64
154 silly reify mark deleted [
154 silly reify   '/Users/nickfries/Documents/Code/lena/node_modules/@tailwindcss/oxide-freebsd-x64'
154 silly reify ]
155 verbose reify failed optional dependency /Users/nickfries/Documents/Code/lena/node_modules/@tailwindcss/oxide-darwin-x64
156 silly reify mark deleted [
156 silly reify   '/Users/nickfries/Documents/Code/lena/node_modules/@tailwindcss/oxide-darwin-x64'
156 silly reify ]
157 verbose reify failed optional dependency /Users/nickfries/Documents/Code/lena/node_modules/@tailwindcss/oxide-android-arm64
158 silly reify mark deleted [
158 silly reify   '/Users/nickfries/Documents/Code/lena/node_modules/@tailwindcss/oxide-android-arm64'
158 silly reify ]
159 verbose reify failed optional dependency /Users/nickfries/Documents/Code/lena/node_modules/@next/swc-win32-x64-msvc
160 silly reify mark deleted [
160 silly reify   '/Users/nickfries/Documents/Code/lena/node_modules/@next/swc-win32-x64-msvc'
160 silly reify ]
161 verbose reify failed optional dependency /Users/nickfries/Documents/Code/lena/node_modules/@next/swc-win32-arm64-msvc
162 silly reify mark deleted [
162 silly reify   '/Users/nickfries/Documents/Code/lena/node_modules/@next/swc-win32-arm64-msvc'
162 silly reify ]
163 verbose reify failed optional dependency /Users/nickfries/Documents/Code/lena/node_modules/@next/swc-linux-x64-musl
164 silly reify mark deleted [
164 silly reify   '/Users/nickfries/Documents/Code/lena/node_modules/@next/swc-linux-x64-musl'
164 silly reify ]
165 verbose reify failed optional dependency /Users/nickfries/Documents/Code/lena/node_modules/@next/swc-linux-x64-gnu
166 silly reify mark deleted [
166 silly reify   '/Users/nickfries/Documents/Code/lena/node_modules/@next/swc-linux-x64-gnu'
166 silly reify ]
167 verbose reify failed optional dependency /Users/nickfries/Documents/Code/lena/node_modules/@next/swc-linux-arm64-musl
168 silly reify mark deleted [
168 silly reify   '/Users/nickfries/Documents/Code/lena/node_modules/@next/swc-linux-arm64-musl'
168 silly reify ]
169 verbose reify failed optional dependency /Users/nickfries/Documents/Code/lena/node_modules/@next/swc-linux-arm64-gnu
170 silly reify mark deleted [
170 silly reify   '/Users/nickfries/Documents/Code/lena/node_modules/@next/swc-linux-arm64-gnu'
170 silly reify ]
171 verbose reify failed optional dependency /Users/nickfries/Documents/Code/lena/node_modules/@next/swc-darwin-x64
172 silly reify mark deleted [
172 silly reify   '/Users/nickfries/Documents/Code/lena/node_modules/@next/swc-darwin-x64'
172 silly reify ]
173 verbose reify failed optional dependency /Users/nickfries/Documents/Code/lena/node_modules/@img/sharp-win32-x64
174 silly reify mark deleted [
174 silly reify   '/Users/nickfries/Documents/Code/lena/node_modules/@img/sharp-win32-x64'
174 silly reify ]
175 verbose reify failed optional dependency /Users/nickfries/Documents/Code/lena/node_modules/@img/sharp-win32-ia32
176 silly reify mark deleted [
176 silly reify   '/Users/nickfries/Documents/Code/lena/node_modules/@img/sharp-win32-ia32'
176 silly reify ]
177 verbose reify failed optional dependency /Users/nickfries/Documents/Code/lena/node_modules/@img/sharp-win32-arm64
178 silly reify mark deleted [
178 silly reify   '/Users/nickfries/Documents/Code/lena/node_modules/@img/sharp-win32-arm64'
178 silly reify ]
179 verbose reify failed optional dependency /Users/nickfries/Documents/Code/lena/node_modules/@img/sharp-wasm32
180 silly reify mark deleted [
180 silly reify   '/Users/nickfries/Documents/Code/lena/node_modules/@img/sharp-wasm32'
180 silly reify ]
181 verbose reify failed optional dependency /Users/nickfries/Documents/Code/lena/node_modules/@img/sharp-linuxmusl-x64
182 silly reify mark deleted [
182 silly reify   '/Users/nickfries/Documents/Code/lena/node_modules/@img/sharp-linuxmusl-x64'
182 silly reify ]
183 verbose reify failed optional dependency /Users/nickfries/Documents/Code/lena/node_modules/@img/sharp-linuxmusl-arm64
184 silly reify mark deleted [
184 silly reify   '/Users/nickfries/Documents/Code/lena/node_modules/@img/sharp-linuxmusl-arm64'
184 silly reify ]
185 verbose reify failed optional dependency /Users/nickfries/Documents/Code/lena/node_modules/@img/sharp-linux-x64
186 silly reify mark deleted [
186 silly reify   '/Users/nickfries/Documents/Code/lena/node_modules/@img/sharp-linux-x64'
186 silly reify ]
187 verbose reify failed optional dependency /Users/nickfries/Documents/Code/lena/node_modules/@img/sharp-linux-s390x
188 silly reify mark deleted [
188 silly reify   '/Users/nickfries/Documents/Code/lena/node_modules/@img/sharp-linux-s390x'
188 silly reify ]
189 verbose reify failed optional dependency /Users/nickfries/Documents/Code/lena/node_modules/@img/sharp-linux-riscv64
190 silly reify mark deleted [
190 silly reify   '/Users/nickfries/Documents/Code/lena/node_modules/@img/sharp-linux-riscv64'
190 silly reify ]
191 verbose reify failed optional dependency /Users/nickfries/Documents/Code/lena/node_modules/@img/sharp-linux-ppc64
192 silly reify mark deleted [
192 silly reify   '/Users/nickfries/Documents/Code/lena/node_modules/@img/sharp-linux-ppc64'
192 silly reify ]
193 verbose reify failed optional dependency /Users/nickfries/Documents/Code/lena/node_modules/@img/sharp-linux-arm64
194 silly reify mark deleted [
194 silly reify   '/Users/nickfries/Documents/Code/lena/node_modules/@img/sharp-linux-arm64'
194 silly reify ]
195 verbose reify failed optional dependency /Users/nickfries/Documents/Code/lena/node_modules/@img/sharp-linux-arm
196 silly reify mark deleted [
196 silly reify   '/Users/nickfries/Documents/Code/lena/node_modules/@img/sharp-linux-arm'
196 silly reify ]
197 verbose reify failed optional dependency /Users/nickfries/Documents/Code/lena/node_modules/@img/sharp-libvips-linuxmusl-x64
198 silly reify mark deleted [
198 silly reify   '/Users/nickfries/Documents/Code/lena/node_modules/@img/sharp-libvips-linuxmusl-x64'
198 silly reify ]
199 verbose reify failed optional dependency /Users/nickfries/Documents/Code/lena/node_modules/@img/sharp-libvips-linuxmusl-arm64
200 silly reify mark deleted [
200 silly reify   '/Users/nickfries/Documents/Code/lena/node_modules/@img/sharp-libvips-linuxmusl-arm64'
200 silly reify ]
201 verbose reify failed optional dependency /Users/nickfries/Documents/Code/lena/node_modules/@img/sharp-libvips-linux-x64
202 silly reify mark deleted [
202 silly reify   '/Users/nickfries/Documents/Code/lena/node_modules/@img/sharp-libvips-linux-x64'
202 silly reify ]
203 verbose reify failed optional dependency /Users/nickfries/Documents/Code/lena/node_modules/@img/sharp-libvips-linux-s390x
204 silly reify mark deleted [
204 silly reify   '/Users/nickfries/Documents/Code/lena/node_modules/@img/sharp-libvips-linux-s390x'
204 silly reify ]
205 verbose reify failed optional dependency /Users/nickfries/Documents/Code/lena/node_modules/@img/sharp-libvips-linux-riscv64
206 silly reify mark deleted [
206 silly reify   '/Users/nickfries/Documents/Code/lena/node_modules/@img/sharp-libvips-linux-riscv64'
206 silly reify ]
207 verbose reify failed optional dependency /Users/nickfries/Documents/Code/lena/node_modules/@img/sharp-libvips-linux-ppc64
208 silly reify mark deleted [
208 silly reify   '/Users/nickfries/Documents/Code/lena/node_modules/@img/sharp-libvips-linux-ppc64'
208 silly reify ]
209 verbose reify failed optional dependency /Users/nickfries/Documents/Code/lena/node_modules/@img/sharp-libvips-linux-arm64
210 silly reify mark deleted [
210 silly reify   '/Users/nickfries/Documents/Code/lena/node_modules/@img/sharp-libvips-linux-arm64'
210 silly reify ]
211 verbose reify failed optional dependency /Users/nickfries/Documents/Code/lena/node_modules/@img/sharp-libvips-linux-arm
212 silly reify mark deleted [
212 silly reify   '/Users/nickfries/Documents/Code/lena/node_modules/@img/sharp-libvips-linux-arm'
212 silly reify ]
213 verbose reify failed optional dependency /Users/nickfries/Documents/Code/lena/node_modules/@img/sharp-libvips-darwin-x64
214 silly reify mark deleted [
214 silly reify   '/Users/nickfries/Documents/Code/lena/node_modules/@img/sharp-libvips-darwin-x64'
214 silly reify ]
215 verbose reify failed optional dependency /Users/nickfries/Documents/Code/lena/node_modules/@img/sharp-darwin-x64
216 silly reify mark deleted [
216 silly reify   '/Users/nickfries/Documents/Code/lena/node_modules/@img/sharp-darwin-x64'
216 silly reify ]
217 http cache ieee754@https://registry.npmjs.org/ieee754/-/ieee754-1.2.1.tgz 0ms (cache hit)
218 http cache @tokenizer/inflate@https://registry.npmjs.org/@tokenizer/inflate/-/inflate-0.4.1.tgz 0ms (cache hit)
219 http cache token-types@https://registry.npmjs.org/token-types/-/token-types-6.1.1.tgz 0ms (cache hit)
220 http cache strtok3@https://registry.npmjs.org/strtok3/-/strtok3-10.3.4.tgz 0ms (cache hit)
221 http cache uint8array-extras@https://registry.npmjs.org/uint8array-extras/-/uint8array-extras-1.5.0.tgz 0ms (cache hit)
222 http cache media-typer@https://registry.npmjs.org/media-typer/-/media-typer-1.1.0.tgz 0ms (cache hit)
223 http cache file-type@https://registry.npmjs.org/file-type/-/file-type-21.1.1.tgz 0ms (cache hit)
224 http cache content-type@https://registry.npmjs.org/content-type/-/content-type-1.0.5.tgz 0ms (cache hit)
225 http cache @tokenizer/token@https://registry.npmjs.org/@tokenizer/token/-/token-0.3.0.tgz 0ms (cache hit)
226 http cache music-metadata@https://registry.npmjs.org/music-metadata/-/music-metadata-11.10.2.tgz 0ms (cache hit)
227 http cache @borewit/text-codec@https://registry.npmjs.org/@borewit/text-codec/-/text-codec-0.2.0.tgz 0ms (cache hit)
228 http cache @borewit/text-codec@https://registry.npmjs.org/@borewit/text-codec/-/text-codec-0.1.1.tgz 0ms (cache hit)
229 silly tarball no local data for ieee754@https://registry.npmjs.org/ieee754/-/ieee754-1.2.1.tgz. Extracting by manifest.
230 silly tarball no local data for @tokenizer/inflate@https://registry.npmjs.org/@tokenizer/inflate/-/inflate-0.4.1.tgz. Extracting by manifest.
231 silly tarball no local data for token-types@https://registry.npmjs.org/token-types/-/token-types-6.1.1.tgz. Extracting by manifest.
232 silly tarball no local data for strtok3@https://registry.npmjs.org/strtok3/-/strtok3-10.3.4.tgz. Extracting by manifest.
233 silly tarball no local data for uint8array-extras@https://registry.npmjs.org/uint8array-extras/-/uint8array-extras-1.5.0.tgz. Extracting by manifest.
234 silly tarball no local data for media-typer@https://registry.npmjs.org/media-typer/-/media-typer-1.1.0.tgz. Extracting by manifest.
235 silly tarball no local data for file-type@https://registry.npmjs.org/file-type/-/file-type-21.1.1.tgz. Extracting by manifest.
236 silly tarball no local data for content-type@https://registry.npmjs.org/content-type/-/content-type-1.0.5.tgz. Extracting by manifest.
237 silly tarball no local data for @tokenizer/token@https://registry.npmjs.org/@tokenizer/token/-/token-0.3.0.tgz. Extracting by manifest.
238 silly tarball no local data for music-metadata@https://registry.npmjs.org/music-metadata/-/music-metadata-11.10.2.tgz. Extracting by manifest.
239 silly tarball no local data for @borewit/text-codec@https://registry.npmjs.org/@borewit/text-codec/-/text-codec-0.2.0.tgz. Extracting by manifest.
240 silly tarball no local data for @borewit/text-codec@https://registry.npmjs.org/@borewit/text-codec/-/text-codec-0.1.1.tgz. Extracting by manifest.
241 http fetch GET 200 https://registry.npmjs.org/ieee754/-/ieee754-1.2.1.tgz 52ms (cache miss)
242 http fetch GET 200 https://registry.npmjs.org/uint8array-extras/-/uint8array-extras-1.5.0.tgz 52ms (cache miss)
243 http fetch GET 200 https://registry.npmjs.org/token-types/-/token-types-6.1.1.tgz 52ms (cache miss)
244 http fetch GET 200 https://registry.npmjs.org/media-typer/-/media-typer-1.1.0.tgz 53ms (cache miss)
245 http fetch GET 200 https://registry.npmjs.org/file-type/-/file-type-21.1.1.tgz 56ms (cache miss)
246 http fetch GET 200 https://registry.npmjs.org/strtok3/-/strtok3-10.3.4.tgz 70ms (cache miss)
247 http fetch POST 200 https://registry.npmjs.org/-/npm/v1/security/advisories/bulk 91ms
248 silly audit report {}
249 http fetch GET 200 https://registry.npmjs.org/content-type/-/content-type-1.0.5.tgz 87ms (cache miss)
250 http fetch GET 200 https://registry.npmjs.org/@borewit/text-codec/-/text-codec-0.1.1.tgz 142ms (cache miss)
251 http fetch GET 200 https://registry.npmjs.org/@tokenizer/inflate/-/inflate-0.4.1.tgz 144ms (cache miss)
252 http fetch GET 200 https://registry.npmjs.org/@borewit/text-codec/-/text-codec-0.2.0.tgz 155ms (cache miss)
253 http fetch GET 200 https://registry.npmjs.org/music-metadata/-/music-metadata-11.10.2.tgz 177ms (cache miss)
254 http fetch GET 200 https://registry.npmjs.org/@tokenizer/token/-/token-0.3.0.tgz 253ms (cache miss)
255 silly ADD node_modules/ieee754
256 silly ADD node_modules/@tokenizer/inflate
257 silly ADD node_modules/uint8array-extras
258 silly ADD node_modules/token-types
259 silly ADD node_modules/token-types/node_modules/@borewit/text-codec
260 silly ADD node_modules/strtok3
261 silly ADD node_modules/media-typer
262 silly ADD node_modules/file-type
263 silly ADD node_modules/content-type
264 silly ADD node_modules/@tokenizer/token
265 silly ADD node_modules/@borewit/text-codec
266 silly ADD node_modules/music-metadata
267 silly ADD
268 silly ADD
269 silly ADD
270 silly ADD
271 silly ADD
272 silly ADD
273 silly ADD
274 silly ADD
275 silly ADD
276 silly ADD
277 silly ADD
278 silly ADD
279 silly ADD
280 silly ADD
281 silly ADD
282 silly ADD
283 silly ADD
284 silly ADD
285 silly ADD
286 silly ADD
287 silly ADD
288 silly ADD
289 silly ADD
290 silly ADD
291 silly ADD
292 silly ADD
293 silly ADD
294 silly ADD
295 silly ADD
296 silly ADD
297 silly ADD
298 silly ADD
299 silly ADD
300 silly ADD
301 silly ADD
302 silly ADD
303 silly ADD
304 silly ADD
305 silly ADD
306 silly ADD
307 silly ADD
308 silly ADD
309 silly ADD
310 silly ADD
311 silly ADD
312 silly ADD
313 silly ADD
314 silly ADD
315 silly ADD
316 silly ADD
317 silly ADD
318 silly ADD
319 silly ADD
320 silly ADD
321 silly ADD
322 silly ADD
323 silly ADD
324 silly ADD
325 silly ADD
326 silly ADD
327 silly ADD
328 silly ADD
329 silly ADD
330 silly ADD
331 silly ADD
332 silly ADD
333 silly ADD
334 silly ADD
335 verbose cwd /Users/nickfries/Documents/Code/lena
336 verbose os Darwin 23.6.0
337 verbose node v22.21.0
338 verbose npm  v10.9.4
339 notice
339 notice New major version of npm available! 10.9.4 -> 11.6.3
339 notice Changelog: https://github.com/npm/cli/releases/tag/v11.6.3
339 notice To update run: npm install -g npm@11.6.3
339 notice  { force: true, [Symbol(proc-log.meta)]: true }
340 verbose exit 0
341 info ok
